<?xml version="1.0" encoding="UTF-8"?>
<robot generator="Robot 7.1 (Python 3.11.2 on win32)" generated="2024-11-05T11:04:52.368950" rpa="false" schemaversion="5">
<suite id="s1" name="ADOPETROBOT" source="C:\Users\mpn-e\OneDrive\Desktop\ADOPETROBOT">
<suite id="s1-s1" name="Teste" source="C:\Users\mpn-e\OneDrive\Desktop\ADOPETROBOT\teste.robot">
<test id="s1-s1-t1" name="Caso exemplo" line="6">
<kw name="Acessar site" owner="resource">
<kw name="Open Browser" owner="SeleniumLibrary">
<msg time="2024-11-05T11:04:52.897737" level="INFO">Opening browser 'chrome' to base url 'https://adopet-tau.vercel.app/'.</msg>
<arg>url=${URL}</arg>
<arg>browser=${BROWSER}</arg>
<doc>Opens a new browser instance to the optional ``url``.</doc>
<status status="PASS" start="2024-11-05T11:04:52.897737" elapsed="6.970215"/>
</kw>
<status status="PASS" start="2024-11-05T11:04:52.897218" elapsed="6.971730"/>
</kw>
<status status="PASS" start="2024-11-05T11:04:52.891313" elapsed="6.978635"/>
</test>
<doc>Teste exemplo</doc>
<status status="PASS" start="2024-11-05T11:04:52.451859" elapsed="7.449970"/>
</suite>
<status status="PASS" start="2024-11-05T11:04:52.388650" elapsed="7.556180"/>
</suite>
<statistics>
<total>
<stat pass="1" fail="0" skip="0">All Tests</stat>
</total>
<tag>
</tag>
<suite>
<stat pass="1" fail="0" skip="0" id="s1" name="ADOPETROBOT">ADOPETROBOT</stat>
<stat pass="1" fail="0" skip="0" id="s1-s1" name="Teste">ADOPETROBOT.Teste</stat>
</suite>
</statistics>
<errors>
</errors>
</robot>
